2025-11-28 12:30:34 +0000 - dagster - DEBUG - stock_job - 723817f3-663c-401a-aae8-9359cd34d843 - 5649 - LOGS_CAPTURED - Started capturing logs in process (pid: 5649).
2025-11-28 12:30:41 +0000 - dagster - DEBUG - stock_job - 723817f3-663c-401a-aae8-9359cd34d843 - 5649 - fetch_and_parse - STEP_START - Started execution of step "fetch_and_parse".
2025-11-28 12:30:49 +0000 - dagster - INFO - stock_job - 723817f3-663c-401a-aae8-9359cd34d843 - fetch_and_parse - Fetching symbol AAPL
Request failed for symbol AAPL: HTTPSConnectionPool(host='www.alphavantage.co', port=443): Max retries exceeded with url: /query?function=TIME_SERIES_DAILY_ADJUSTED&symbol=AAPL&outputsize=compact&apikey=EXEOFT8U3H6KTGXJ (Caused by SSLError(SSLCertVerificationError(1, '[SSL: CERTIFICATE_VERIFY_FAILED] certificate verify failed: self-signed certificate in certificate chain (_ssl.c:1016)')))
Traceback (most recent call last):
  File "/usr/local/lib/python3.11/site-packages/urllib3/connectionpool.py", line 464, in _make_request
    self._validate_conn(conn)
  File "/usr/local/lib/python3.11/site-packages/urllib3/connectionpool.py", line 1093, in _validate_conn
    conn.connect()
  File "/usr/local/lib/python3.11/site-packages/urllib3/connection.py", line 790, in connect
    sock_and_verified = _ssl_wrap_socket_and_match_hostname(
                        ^^^^^^^^^^^^^^^^^^^^^^^^^^^^^^^^^^^^
  File "/usr/local/lib/python3.11/site-packages/urllib3/connection.py", line 969, in _ssl_wrap_socket_and_match_hostname
    ssl_sock = ssl_wrap_socket(
               ^^^^^^^^^^^^^^^^
  File "/usr/local/lib/python3.11/site-packages/urllib3/util/ssl_.py", line 480, in ssl_wrap_socket
    ssl_sock = _ssl_wrap_socket_impl(sock, context, tls_in_tls, server_hostname)
               ^^^^^^^^^^^^^^^^^^^^^^^^^^^^^^^^^^^^^^^^^^^^^^^^^^^^^^^^^^^^^^^^^
  File "/usr/local/lib/python3.11/site-packages/urllib3/util/ssl_.py", line 524, in _ssl_wrap_socket_impl
    return ssl_context.wrap_socket(sock, server_hostname=server_hostname)
           ^^^^^^^^^^^^^^^^^^^^^^^^^^^^^^^^^^^^^^^^^^^^^^^^^^^^^^^^^^^^^^
  File "/usr/local/lib/python3.11/ssl.py", line 517, in wrap_socket
    return self.sslsocket_class._create(
           ^^^^^^^^^^^^^^^^^^^^^^^^^^^^^
  File "/usr/local/lib/python3.11/ssl.py", line 1104, in _create
    self.do_handshake()
  File "/usr/local/lib/python3.11/ssl.py", line 1382, in do_handshake
    self._sslobj.do_handshake()
ssl.SSLCertVerificationError: [SSL: CERTIFICATE_VERIFY_FAILED] certificate verify failed: self-signed certificate in certificate chain (_ssl.c:1016)

During handling of the above exception, another exception occurred:

Traceback (most recent call last):
  File "/usr/local/lib/python3.11/site-packages/urllib3/connectionpool.py", line 787, in urlopen
    response = self._make_request(
               ^^^^^^^^^^^^^^^^^^^
  File "/usr/local/lib/python3.11/site-packages/urllib3/connectionpool.py", line 488, in _make_request
    raise new_e
urllib3.exceptions.SSLError: [SSL: CERTIFICATE_VERIFY_FAILED] certificate verify failed: self-signed certificate in certificate chain (_ssl.c:1016)

The above exception was the direct cause of the following exception:

Traceback (most recent call last):
  File "/usr/local/lib/python3.11/site-packages/requests/adapters.py", line 644, in send
    resp = conn.urlopen(
           ^^^^^^^^^^^^^
  File "/usr/local/lib/python3.11/site-packages/urllib3/connectionpool.py", line 841, in urlopen
    retries = retries.increment(
              ^^^^^^^^^^^^^^^^^^
  File "/usr/local/lib/python3.11/site-packages/urllib3/util/retry.py", line 519, in increment
    raise MaxRetryError(_pool, url, reason) from reason  # type: ignore[arg-type]
    ^^^^^^^^^^^^^^^^^^^^^^^^^^^^^^^^^^^^^^^^^^^^^^^^^^^
urllib3.exceptions.MaxRetryError: HTTPSConnectionPool(host='www.alphavantage.co', port=443): Max retries exceeded with url: /query?function=TIME_SERIES_DAILY_ADJUSTED&symbol=AAPL&outputsize=compact&apikey=EXEOFT8U3H6KTGXJ (Caused by SSLError(SSLCertVerificationError(1, '[SSL: CERTIFICATE_VERIFY_FAILED] certificate verify failed: self-signed certificate in certificate chain (_ssl.c:1016)')))

During handling of the above exception, another exception occurred:

Traceback (most recent call last):
  File "/opt/dagster/libs/fetcher.py", line 31, in fetch_daily_time_series
    r = requests.get(ALPHA_VANTAGE_BASE, params=params, timeout=15)
        ^^^^^^^^^^^^^^^^^^^^^^^^^^^^^^^^^^^^^^^^^^^^^^^^^^^^^^^^^^^
  File "/usr/local/lib/python3.11/site-packages/requests/api.py", line 73, in get
    return request("get", url, params=params, **kwargs)
           ^^^^^^^^^^^^^^^^^^^^^^^^^^^^^^^^^^^^^^^^^^^^
  File "/usr/local/lib/python3.11/site-packages/requests/api.py", line 59, in request
    return session.request(method=method, url=url, **kwargs)
           ^^^^^^^^^^^^^^^^^^^^^^^^^^^^^^^^^^^^^^^^^^^^^^^^^
  File "/usr/local/lib/python3.11/site-packages/requests/sessions.py", line 589, in request
    resp = self.send(prep, **send_kwargs)
           ^^^^^^^^^^^^^^^^^^^^^^^^^^^^^^
  File "/usr/local/lib/python3.11/site-packages/requests/sessions.py", line 703, in send
    r = adapter.send(request, **kwargs)
        ^^^^^^^^^^^^^^^^^^^^^^^^^^^^^^^
  File "/usr/local/lib/python3.11/site-packages/requests/adapters.py", line 675, in send
    raise SSLError(e, request=request)
requests.exceptions.SSLError: HTTPSConnectionPool(host='www.alphavantage.co', port=443): Max retries exceeded with url: /query?function=TIME_SERIES_DAILY_ADJUSTED&symbol=AAPL&outputsize=compact&apikey=EXEOFT8U3H6KTGXJ (Caused by SSLError(SSLCertVerificationError(1, '[SSL: CERTIFICATE_VERIFY_FAILED] certificate verify failed: self-signed certificate in certificate chain (_ssl.c:1016)')))
2025-11-28 12:31:07 +0000 - dagster - WARNING - stock_job - 723817f3-663c-401a-aae8-9359cd34d843 - fetch_and_parse - No data returned for AAPL
2025-11-28 12:31:10 +0000 - dagster - INFO - stock_job - 723817f3-663c-401a-aae8-9359cd34d843 - fetch_and_parse - Fetching symbol MSFT
No Time Series key found in response for MSFT
2025-11-28 12:31:31 +0000 - dagster - INFO - stock_job - 723817f3-663c-401a-aae8-9359cd34d843 - fetch_and_parse - Fetching symbol GOOG
No Time Series key found in response for GOOG
2025-11-28 12:31:35 +0000 - dagster - INFO - stock_job - 723817f3-663c-401a-aae8-9359cd34d843 - fetch_and_parse - Fetched rows: 0
2025-11-28 12:31:39 +0000 - dagster - DEBUG - stock_job - 723817f3-663c-401a-aae8-9359cd34d843 - 5649 - fetch_and_parse - STEP_OUTPUT - Yielded output "result" of type "Any". (Type check passed).
2025-11-28 12:31:43 +0000 - dagster - DEBUG - stock_job - 723817f3-663c-401a-aae8-9359cd34d843 - fetch_and_parse - Writing file at: /opt/dagster_home/storage/723817f3-663c-401a-aae8-9359cd34d843/fetch_and_parse/result using PickledObjectFilesystemIOManager...
2025-11-28 12:31:48 +0000 - dagster - DEBUG - stock_job - 723817f3-663c-401a-aae8-9359cd34d843 - 5649 - fetch_and_parse - HANDLED_OUTPUT - Handled output "result" using IO manager "io_manager"
2025-11-28 12:31:50 +0000 - dagster - DEBUG - stock_job - 723817f3-663c-401a-aae8-9359cd34d843 - 5649 - fetch_and_parse - STEP_SUCCESS - Finished execution of step "fetch_and_parse" in 1m7s.
